<?xml version="1.0" encoding="UTF-8"?>
<testng-results ignored="0" total="2" passed="2" failed="0" skipped="0">
  <reporter-output>
  </reporter-output>
  <suite started-at="2023-04-26T08:58:45 IST" name="Default suite" finished-at="2023-04-26T08:59:07 IST" duration-ms="21778">
    <groups>
    </groups>
    <test started-at="2023-04-26T08:58:45 IST" name="Default test" finished-at="2023-04-26T08:59:07 IST" duration-ms="21778">
      <class name="Module1_Login_Test.SwagLabLoginTest">
        <test-method is-config="true" signature="openBrowser()[pri:0, instance:Module1_Login_Test.SwagLabLoginTest@12aba8be]" started-at="2023-04-26T08:58:45 IST" name="openBrowser" finished-at="2023-04-26T08:58:50 IST" duration-ms="4284" status="PASS">
          <reporter-output>
          </reporter-output>
        </test-method> <!-- openBrowser -->
        <test-method is-config="true" signature="loginToApp()[pri:0, instance:Module1_Login_Test.SwagLabLoginTest@12aba8be]" started-at="2023-04-26T08:58:50 IST" name="loginToApp" finished-at="2023-04-26T08:58:52 IST" duration-ms="2281" status="PASS">
          <reporter-output>
          </reporter-output>
        </test-method> <!-- loginToApp -->
        <test-method signature="verifyHeader()[pri:1, instance:Module1_Login_Test.SwagLabLoginTest@12aba8be]" started-at="2023-04-26T08:58:52 IST" name="verifyHeader" finished-at="2023-04-26T08:58:53 IST" duration-ms="1132" status="PASS">
          <reporter-output>
          </reporter-output>
        </test-method> <!-- verifyHeader -->
        <test-method is-config="true" signature="logoutFromApp(org.testng.ITestResult)[pri:0, instance:Module1_Login_Test.SwagLabLoginTest@12aba8be]" started-at="2023-04-26T08:58:53 IST" name="logoutFromApp" finished-at="2023-04-26T08:58:57 IST" duration-ms="4150" status="PASS">
          <params>
            <param index="0">
              <value>
                <![CDATA[[TestResult name=verifyHeader status=SUCCESS method=SwagLabLoginTest.verifyHeader()[pri:1, instance:Module1_Login_Test.SwagLabLoginTest@12aba8be] output={null}]]]>
              </value>
            </param>
          </params>
          <reporter-output>
          </reporter-output>
        </test-method> <!-- logoutFromApp -->
        <test-method is-config="true" signature="loginToApp()[pri:0, instance:Module1_Login_Test.SwagLabLoginTest@12aba8be]" started-at="2023-04-26T08:58:57 IST" name="loginToApp" finished-at="2023-04-26T08:58:59 IST" duration-ms="2272" status="PASS">
          <reporter-output>
          </reporter-output>
        </test-method> <!-- loginToApp -->
        <test-method signature="selectOptionFromFilter()[pri:2, instance:Module1_Login_Test.SwagLabLoginTest@12aba8be]" started-at="2023-04-26T08:58:59 IST" name="selectOptionFromFilter" finished-at="2023-04-26T08:59:00 IST" duration-ms="272" status="PASS">
          <reporter-output>
          </reporter-output>
        </test-method> <!-- selectOptionFromFilter -->
        <test-method is-config="true" signature="logoutFromApp(org.testng.ITestResult)[pri:0, instance:Module1_Login_Test.SwagLabLoginTest@12aba8be]" started-at="2023-04-26T08:59:00 IST" name="logoutFromApp" finished-at="2023-04-26T08:59:04 IST" duration-ms="4132" status="PASS">
          <params>
            <param index="0">
              <value>
                <![CDATA[[TestResult name=selectOptionFromFilter status=SUCCESS method=SwagLabLoginTest.selectOptionFromFilter()[pri:2, instance:Module1_Login_Test.SwagLabLoginTest@12aba8be] output={null}]]]>
              </value>
            </param>
          </params>
          <reporter-output>
          </reporter-output>
        </test-method> <!-- logoutFromApp -->
        <test-method is-config="true" signature="closeBrowser()[pri:0, instance:Module1_Login_Test.SwagLabLoginTest@12aba8be]" started-at="2023-04-26T08:59:04 IST" name="closeBrowser" finished-at="2023-04-26T08:59:07 IST" duration-ms="3202" status="PASS">
          <reporter-output>
          </reporter-output>
        </test-method> <!-- closeBrowser -->
      </class> <!-- Module1_Login_Test.SwagLabLoginTest -->
    </test> <!-- Default test -->
  </suite> <!-- Default suite -->
</testng-results>
